Web / API server started at 0.0.0.0:8081

  #  node[27407]: void node::ResetStdio() at ../src/node.cc:753
  #  Assertion failed: !(err != 0) || (err == -1 && (*__errno_location ()) == 1)

----- Native stack trace -----

 1: 0xccd047 node::Assert(node::AssertionInfo const&) [node]
 2: 0xc6a754  [node]
 3: 0xc6a8fc node::SignalExit(int, siginfo_t*, void*) [node]
 4: 0x768412c42520  [/lib/x86_64-linux-gnu/libc.so.6]
 5: 0x768412d25b68 epoll_pwait [/lib/x86_64-linux-gnu/libc.so.6]
 6: 0x18d3896  [node]
 7: 0x18bfdd7 uv_run [node]
 8: 0xbc9be6 node::SpinEventLoopInternal(node::Environment*) [node]
 9: 0xd1d921  [node]
10: 0xd1e38d node::NodeMainInstance::Run() [node]
11: 0xc710bf node::Start(int, char**) [node]
12: 0x768412c29d90  [/lib/x86_64-linux-gnu/libc.so.6]
13: 0x768412c29e40 __libc_start_main [/lib/x86_64-linux-gnu/libc.so.6]
14: 0xbc7afe _start [node]
FATAL ERROR: v8::HandleScope::CreateHandle() Cannot create a handle without a HandleScope
----- Native stack trace -----

 1: 0xb84aba node::OnFatalError(char const*, char const*) [node]
 2: 0xefe806 v8::Utils::ReportApiFailure(char const*, char const*) [node]
 3: 0x10a4842 v8::internal::HandleScope::Extend(v8::internal::Isolate*) [node]
 4: 0xf000e8 v8::EscapableHandleScope::EscapableHandleScope(v8::Isolate*) [node]
 5: 0xcccf96 node::GetCurrentStackTrace(v8::Isolate*, int) [node]
 6: 0xc0f1fb node::DumpJavaScriptBacktrace(_IO_FILE*) [node]
 7: 0xccd053 node::Assert(node::AssertionInfo const&) [node]
 8: 0xc6a754  [node]
 9: 0xc6a8fc node::SignalExit(int, siginfo_t*, void*) [node]
10: 0x768412c42520  [/lib/x86_64-linux-gnu/libc.so.6]
11: 0x768412d25b68 epoll_pwait [/lib/x86_64-linux-gnu/libc.so.6]
12: 0x18d3896  [node]
13: 0x18bfdd7 uv_run [node]
14: 0xbc9be6 node::SpinEventLoopInternal(node::Environment*) [node]
15: 0xd1d921  [node]
16: 0xd1e38d node::NodeMainInstance::Run() [node]
17: 0xc710bf node::Start(int, char**) [node]
18: 0x768412c29d90  [/lib/x86_64-linux-gnu/libc.so.6]
19: 0x768412c29e40 __libc_start_main [/lib/x86_64-linux-gnu/libc.so.6]
20: 0xbc7afe _start [node]
