[debug] [2024-06-02T14:26:31.266Z] ----------------------------------------------------------------------
[debug] [2024-06-02T14:26:31.269Z] Command:       C:\Program Files\nodejs\node.exe C:\Users\jensg\AppData\Roaming\npm\node_modules\firebase-tools\lib\bin\firebase.js init emulators
[debug] [2024-06-02T14:26:31.269Z] CLI Version:   13.10.0
[debug] [2024-06-02T14:26:31.269Z] Platform:      win32
[debug] [2024-06-02T14:26:31.269Z] Node Version:  v20.13.1
[debug] [2024-06-02T14:26:31.270Z] Time:          Sun Jun 02 2024 16:26:31 GMT+0200 (Midden-Europese zomertijd)
[debug] [2024-06-02T14:26:31.270Z] ----------------------------------------------------------------------
[debug] 
[debug] [2024-06-02T14:26:31.272Z] >>> [apiv2][query] GET https://firebase-public.firebaseio.com/cli.json [none]
[debug] [2024-06-02T14:26:31.375Z] > command requires scopes: ["email","openid","https://www.googleapis.com/auth/cloudplatformprojects.readonly","https://www.googleapis.com/auth/firebase","https://www.googleapis.com/auth/cloud-platform"]
[debug] [2024-06-02T14:26:31.375Z] > authorizing via signed-in user (jens.geukens01@gmail.com)
[info] 
     ######## #### ########  ######## ########     ###     ######  ########
     ##        ##  ##     ## ##       ##     ##  ##   ##  ##       ##
     ######    ##  ########  ######   ########  #########  ######  ######
     ##        ##  ##    ##  ##       ##     ## ##     ##       ## ##
     ##       #### ##     ## ######## ########  ##     ##  ######  ########

You're about to initialize a Firebase project in this directory:

  C:\Users\jensg\OneDrive\Bureaublad\DSGT\dapp2024\dsgt4start

Before we get started, keep in mind:

  * You are initializing within an existing Firebase project directory

[debug] [2024-06-02T14:26:31.766Z] <<< [apiv2][status] GET https://firebase-public.firebaseio.com/cli.json 200
[debug] [2024-06-02T14:26:31.766Z] <<< [apiv2][body] GET https://firebase-public.firebaseio.com/cli.json {"cloudBuildErrorAfter":1594252800000,"cloudBuildWarnAfter":1590019200000,"defaultNode10After":1594252800000,"minVersion":"3.0.5","node8DeploysDisabledAfter":1613390400000,"node8RuntimeDisabledAfter":1615809600000,"node8WarnAfter":1600128000000}
[info] 
=== Project Setup
[info] 
[info] First, let's associate this project directory with a Firebase project.
[info] You can create multiple project aliases by running firebase use --add, 
[info] but for now we'll just set up a default project.
[info] 
